[8/26/2019 3:58:09 PM] Delete
[8/26/2019 3:58:13 PM] W
[8/26/2019 3:58:14 PM] A
[8/26/2019 3:58:14 PM] W
[8/26/2019 3:58:15 PM] Ctrl + Space
[8/26/2019 3:58:28 PM] F
[8/26/2019 3:58:29 PM] 4
[8/26/2019 3:58:29 PM] G
[8/26/2019 3:58:30 PM] E
[8/26/2019 3:58:30 PM] D
[8/26/2019 3:58:30 PM] F
[8/26/2019 4:00:53 PM] S
[8/26/2019 4:00:53 PM] D
[8/26/2019 4:00:54 PM] W
[8/26/2019 4:00:55 PM] D
[8/26/2019 4:00:57 PM] K
[4/1/2020 2:51:19 PM] Alt + Shift + Space
[4/1/2020 2:51:25 PM] Alt + Shift + Space
[4/1/2020 2:51:31 PM] Alt + Shift + Space
[4/1/2020 2:51:33 PM] Alt + Space
[4/1/2020 3:03:56 PM] Alt
[4/1/2020 3:04:12 PM] Ctrl
[4/1/2020 3:04:14 PM] Ctrl + S
[4/1/2020 3:04:15 PM] Ctrl + S
[4/1/2020 3:04:43 PM] Alt
[4/9/2020 10:41:05 PM] S
[4/9/2020 10:41:08 PM] Q
[4/9/2020 10:41:11 PM] Ctrl
[4/9/2020 10:41:11 PM] S
[4/9/2020 10:41:24 PM] Left
[4/9/2020 10:41:24 PM] Left
[4/9/2020 10:41:25 PM] Left
[4/9/2020 10:41:25 PM] Left
[4/9/2020 10:41:25 PM] Left
[4/9/2020 10:41:25 PM] Left
[4/9/2020 10:41:25 PM] Left
[4/9/2020 10:41:25 PM] Left
[4/9/2020 10:41:25 PM] Right
[4/9/2020 10:41:26 PM] Right
[4/9/2020 10:41:26 PM] Right
[4/9/2020 10:41:26 PM] Right
[4/9/2020 10:41:26 PM] Right
[4/9/2020 10:41:27 PM] Right
[4/9/2020 10:41:27 PM] Right
[4/9/2020 10:41:28 PM] Right
[4/9/2020 10:41:28 PM] Right
[4/9/2020 10:41:28 PM] Left
[4/9/2020 10:41:28 PM] Left
[4/9/2020 10:41:28 PM] Left
[4/9/2020 10:41:29 PM] Left
[4/9/2020 10:41:29 PM] Left
[4/9/2020 10:41:29 PM] Left
[4/9/2020 10:41:29 PM] Left
[4/9/2020 10:41:30 PM] Left
[4/9/2020 10:41:44 PM] Left
[4/9/2020 10:41:45 PM] Left
[4/9/2020 10:41:45 PM] Left
[4/9/2020 10:41:45 PM] Left
[4/9/2020 10:41:45 PM] Right
[4/9/2020 10:41:46 PM] Right
[4/9/2020 10:41:46 PM] Right
[4/9/2020 10:41:46 PM] Left
[4/9/2020 10:41:46 PM] Left
[4/9/2020 10:41:47 PM] Left
[4/9/2020 10:41:47 PM] Left
[4/9/2020 10:41:47 PM] Left
[4/9/2020 10:41:47 PM] Right
[4/9/2020 10:41:47 PM] Right
[4/9/2020 10:41:48 PM] Right
[4/9/2020 10:41:48 PM] Right
[4/9/2020 10:41:48 PM] Left
[4/9/2020 10:41:48 PM] Left
[4/9/2020 10:41:48 PM] Left
[4/9/2020 10:41:48 PM] Left
[4/9/2020 10:41:49 PM] Right
[4/9/2020 10:41:49 PM] Right
[4/9/2020 10:41:49 PM] Right
[4/9/2020 10:41:49 PM] Left
[4/9/2020 10:41:49 PM] Left
[4/9/2020 10:41:50 PM] Left
[4/9/2020 10:42:45 PM] D
[4/9/2020 10:42:45 PM] R
[4/9/2020 10:42:45 PM] I
[4/9/2020 10:42:45 PM] Return
[4/9/2020 10:42:52 PM] I
[4/9/2020 10:42:52 PM] N
[4/9/2020 10:42:52 PM] F
[4/9/2020 10:42:52 PM] O
[4/9/2020 10:42:53 PM] Return
[4/9/2020 10:43:21 PM] Shift
[4/9/2020 10:43:21 PM] A
[4/9/2020 10:43:22 PM] S
[4/9/2020 10:43:22 PM] Space
[4/9/2020 10:43:22 PM] Y
[4/9/2020 10:43:22 PM] O
[4/9/2020 10:43:22 PM] U
[4/9/2020 10:43:22 PM] Space
[4/9/2020 10:43:23 PM] C
[4/9/2020 10:43:23 PM] A
[4/9/2020 10:43:23 PM] N
[4/9/2020 10:43:23 PM] Space
[4/9/2020 10:43:23 PM] S
[4/9/2020 10:43:23 PM] E
[4/9/2020 10:43:23 PM] E
[4/9/2020 10:43:24 PM] Space
[4/9/2020 10:43:24 PM] F
[4/9/2020 10:43:24 PM] R
[4/9/2020 10:43:24 PM] O
[4/9/2020 10:43:24 PM] M
[4/9/2020 10:43:24 PM] Space
[4/9/2020 10:43:25 PM] T
[4/9/2020 10:43:25 PM] H
[4/9/2020 10:43:25 PM] I
[4/9/2020 10:43:25 PM] S
[4/9/2020 10:43:25 PM] Space
[4/9/2020 10:43:26 PM] V
[4/9/2020 10:43:26 PM] I
[4/9/2020 10:43:26 PM] D
[4/9/2020 10:43:26 PM] E
[4/9/2020 10:43:26 PM] O
[4/9/2020 10:43:26 PM] Space
[4/9/2020 10:43:26 PM] Ctrl + V
[4/9/2020 10:43:27 PM] Space
[4/9/2020 10:43:31 PM] B
[4/9/2020 10:43:31 PM] I
[4/9/2020 10:43:31 PM] T
[4/9/2020 10:43:32 PM] L
[4/9/2020 10:43:32 PM] Y
[4/9/2020 10:43:32 PM] Return
[4/9/2020 10:43:46 PM] Ctrl + V
[4/9/2020 10:44:02 PM] Back
[4/9/2020 10:44:02 PM] Ctrl + V
[4/9/2020 10:44:03 PM] Ctrl + Z
[4/9/2020 10:44:08 PM] Ctrl + V
[4/9/2020 10:44:10 PM] Space
[4/9/2020 10:44:12 PM] T
[4/9/2020 10:44:12 PM] H
[4/9/2020 10:44:12 PM] E
[4/9/2020 10:44:12 PM] Space
[4/9/2020 10:44:12 PM] C
[4/9/2020 10:44:12 PM] U
[4/9/2020 10:44:12 PM] R
[4/9/2020 10:44:13 PM] S
[4/9/2020 10:44:13 PM] O
[4/9/2020 10:44:13 PM] R
[4/9/2020 10:44:13 PM] Space
[4/9/2020 10:44:13 PM] I
[4/9/2020 10:44:13 PM] S
[4/9/2020 10:44:13 PM] Space
[4/9/2020 10:44:14 PM] N
[4/9/2020 10:44:14 PM] O
[4/9/2020 10:44:14 PM] T
[4/9/2020 10:44:14 PM] Space
[4/9/2020 10:44:14 PM] C
[4/9/2020 10:44:14 PM] H
[4/9/2020 10:44:14 PM] A
[4/9/2020 10:44:14 PM] N
[4/9/2020 10:44:15 PM] G
[4/9/2020 10:44:15 PM] I
[4/9/2020 10:44:15 PM] N
[4/9/2020 10:44:16 PM] G
[4/9/2020 10:44:16 PM] Space
[4/9/2020 10:44:16 PM] W
[4/9/2020 10:44:16 PM] H
[4/9/2020 10:44:16 PM] E
[4/9/2020 10:44:16 PM] Back
[4/9/2020 10:44:17 PM] E
[4/9/2020 10:44:17 PM] N
[4/9/2020 10:44:17 PM] Space
[4/9/2020 10:44:17 PM] I
[4/9/2020 10:44:17 PM] T
[4/9/2020 10:44:17 PM] Space
[4/9/2020 10:44:18 PM] R
[4/9/2020 10:44:18 PM] U
[4/9/2020 10:44:18 PM] N
[4/9/2020 10:44:18 PM] S
[4/9/2020 10:44:18 PM] Space
[4/9/2020 10:44:18 PM] F
[4/9/2020 10:44:19 PM] R
[4/9/2020 10:44:19 PM] O
[4/9/2020 10:44:19 PM] M
[4/9/2020 10:44:19 PM] Space
[4/9/2020 10:44:19 PM] A
[4/9/2020 10:44:19 PM] Space
[4/9/2020 10:44:20 PM] Shift
[4/9/2020 10:44:20 PM] W
[4/9/2020 10:44:20 PM] I
[4/9/2020 10:44:20 PM] N
[4/9/2020 10:44:21 PM] Shift
[4/9/2020 10:44:21 PM] F
[4/9/2020 10:44:22 PM] O
[4/9/2020 10:44:23 PM] R
[4/9/2020 10:44:23 PM] M
[4/9/2020 10:44:23 PM] Space
[4/9/2020 10:44:24 PM] P
[4/9/2020 10:44:24 PM] R
[4/9/2020 10:44:24 PM] O
[4/9/2020 10:44:24 PM] J
[4/9/2020 10:44:24 PM] E
[4/9/2020 10:44:24 PM] C
[4/9/2020 10:44:24 PM] T
[4/9/2020 10:44:25 PM] Space
[4/9/2020 10:44:25 PM] I
[4/9/2020 10:44:26 PM] N
[4/9/2020 10:44:26 PM] S
[4/9/2020 10:44:26 PM] T
[4/9/2020 10:44:26 PM] E
[4/9/2020 10:44:26 PM] A
[4/9/2020 10:44:26 PM] D
[4/9/2020 10:44:26 PM] Space
[4/9/2020 10:44:27 PM] A
[4/9/2020 10:44:27 PM] Space
[4/9/2020 10:44:27 PM] Back
[4/9/2020 10:44:28 PM] Back
[4/9/2020 10:44:29 PM] Shift
[4/9/2020 10:44:30 PM] I
[4/9/2020 10:44:31 PM] N
[4/9/2020 10:44:31 PM] D
[4/9/2020 10:44:31 PM] I
[4/9/2020 10:44:31 PM] V
[4/9/2020 10:44:31 PM] I
[4/9/2020 10:44:32 PM] D
[4/9/2020 10:44:32 PM] U
[4/9/2020 10:44:32 PM] A
[4/9/2020 10:44:32 PM] L
[4/9/2020 10:44:32 PM] Space
[4/9/2020 10:44:33 PM] Shift + W
[4/9/2020 10:44:33 PM] Shift + P
[4/9/2020 10:44:33 PM] Shift + F
[4/9/2020 10:44:33 PM] Space
[4/9/2020 10:44:34 PM] P
[4/9/2020 10:44:34 PM] R
[4/9/2020 10:44:34 PM] O
[4/9/2020 10:44:34 PM] J
[4/9/2020 10:44:34 PM] E
[4/9/2020 10:44:34 PM] C
[4/9/2020 10:44:34 PM] T
[4/9/2020 10:44:35 PM] .
[4/9/2020 10:45:01 PM] Space
[4/9/2020 10:45:02 PM] Ctrl + V
[4/9/2020 10:45:26 PM] Ctrl + R
[4/9/2020 10:45:29 PM] Ctrl + R
[4/9/2020 10:45:30 PM] Ctrl + R
[4/9/2020 10:45:31 PM] Ctrl + R
[4/16/2020 2:50:36 PM] K
[4/16/2020 2:50:38 PM] N
[4/16/2020 5:50:34 PM] Y
[4/16/2020 5:50:35 PM] O
[4/16/2020 5:50:35 PM] U
[4/16/2020 5:50:35 PM] Return
[4/16/2020 5:50:41 PM] W
[4/16/2020 5:50:41 PM] P
[4/16/2020 5:50:41 PM] F
[4/16/2020 5:50:41 PM] Back
[4/16/2020 5:50:44 PM] W
[4/16/2020 5:50:45 PM] P
[4/16/2020 5:50:45 PM] F
[4/16/2020 5:50:47 PM] Down
[4/16/2020 5:50:47 PM] Return
[4/16/2020 5:51:11 PM] Ctrl + C
[4/16/2020 5:51:12 PM] Ctrl + C
[4/16/2020 5:51:12 PM] Ctrl + C
[4/16/2020 5:51:20 PM] Ctrl
[4/16/2020 5:51:20 PM] Ctrl
[4/16/2020 5:51:21 PM] Ctrl + A
[4/16/2020 5:51:21 PM] Ctrl + C
[4/16/2020 5:51:53 PM] Ctrl
[4/16/2020 5:51:54 PM] Ctrl + A
[4/16/2020 5:51:54 PM] Ctrl + C
[4/16/2020 11:04:33 PM] Ctrl + S
[4/16/2020 11:04:34 PM] Ctrl + Shift + S
[4/18/2020 11:13:18 PM] S
[4/18/2020 11:13:19 PM] Q
[4/18/2020 11:13:20 PM] Tab
[4/18/2020 11:13:22 PM] Ctrl + Shift + S
[4/18/2020 11:13:24 PM] Alt + Shift
[4/18/2020 11:13:25 PM] Alt + Shift
[4/18/2020 11:13:25 PM] Alt + Shift
[4/18/2020 11:13:26 PM] Alt + Shift
[4/18/2020 11:13:26 PM] Alt + Shift
[4/18/2020 11:13:26 PM] Shift + Alt
[4/18/2020 11:13:27 PM] Shift + Alt
[4/18/2020 11:13:27 PM] Shift + Alt
[4/18/2020 11:13:27 PM] Alt + Shift
[4/18/2020 11:13:28 PM] Shift + Alt
[4/18/2020 11:13:28 PM] Shift + Alt
[4/18/2020 11:13:29 PM] Shift + Alt
[4/18/2020 11:13:29 PM] Shift + Alt
[4/18/2020 11:13:30 PM] Shift + Alt
[4/18/2020 11:13:30 PM] Alt + Shift
[4/18/2020 11:13:32 PM] Alt + Shift
[4/18/2020 11:13:32 PM] Alt + Shift
[4/18/2020 11:13:33 PM] Alt + Shift
[4/18/2020 11:13:33 PM] Shift + Alt
[4/18/2020 11:13:33 PM] Alt + Shift
[4/18/2020 11:13:34 PM] Alt + Shift
[4/18/2020 11:13:34 PM] Alt + Shift
[4/18/2020 11:13:34 PM] Shift + Alt
[4/18/2020 11:13:35 PM] Alt + Shift
[4/18/2020 11:13:35 PM] Alt + Shift
[4/18/2020 11:13:36 PM] Alt + Shift
[4/18/2020 11:13:36 PM] Shift + Alt
[4/18/2020 11:13:36 PM] Alt + Shift
[4/18/2020 11:13:37 PM] Ctrl + Alt
[4/18/2020 11:13:38 PM] Ctrl + M
[4/18/2020 11:13:40 PM] Alt + Ctrl
[4/18/2020 11:13:41 PM] Ctrl + Alt
[4/18/2020 11:13:41 PM] Alt + Ctrl
[4/18/2020 11:13:42 PM] Ctrl + Alt + M
[4/18/2020 11:13:44 PM] Ctrl + Alt + L
[4/18/2020 11:13:46 PM] Ctrl + Alt + S
[4/18/2020 11:13:47 PM] Ctrl + Alt + A
[4/18/2020 11:13:52 PM] Shift + A
[4/18/2020 11:13:53 PM] Shift + A
[4/18/2020 11:13:53 PM] Shift + A
[4/18/2020 11:13:53 PM] Shift + A
[4/18/2020 11:13:54 PM] Shift + A
[4/18/2020 11:14:34 PM] Ctrl + Z
[4/18/2020 11:14:35 PM] Ctrl + S
[4/18/2020 11:14:39 PM] Win
[4/18/2020 11:14:40 PM] R
[4/18/2020 11:14:41 PM] Win
[4/18/2020 11:14:42 PM] R
[4/18/2020 11:14:42 PM] Win
[4/18/2020 11:14:43 PM] R
[4/18/2020 11:14:43 PM] Win
[4/18/2020 11:14:50 PM] Ctrl + Shift + S
[4/18/2020 11:14:50 PM] Ctrl + Shift
[4/18/2020 11:14:52 PM] Ctrl + Shift + S
[4/18/2020 11:14:53 PM] Ctrl + Shift
[4/18/2020 11:15:20 PM] Ctrl + X
[4/18/2020 11:15:21 PM] Ctrl + Back
[4/18/2020 11:15:21 PM] Back
[4/18/2020 11:15:21 PM] Return
[4/18/2020 11:15:22 PM] I
[4/18/2020 11:15:22 PM] F
[4/18/2020 11:15:22 PM] Shift + Space
[4/18/2020 11:15:22 PM] Shift + 9
[4/18/2020 11:15:24 PM] A
[4/18/2020 11:15:24 PM] Back
[4/18/2020 11:15:25 PM] I
[4/18/2020 11:15:25 PM] S
[4/18/2020 11:15:25 PM] Shift + A
[4/18/2020 11:15:25 PM] L
[4/18/2020 11:15:26 PM] Return
[4/18/2020 11:15:27 PM] Shift + 9
[4/18/2020 11:15:27 PM] K
[4/18/2020 11:15:28 PM] E
[4/18/2020 11:15:28 PM] Y
[4/18/2020 11:15:28 PM] Shift
[4/18/2020 11:15:28 PM] Return
[4/18/2020 11:15:29 PM] ,
[4/18/2020 11:15:29 PM] Space
[4/18/2020 11:15:29 PM] K
[4/18/2020 11:15:29 PM] E
[4/18/2020 11:15:29 PM] Y
[4/18/2020 11:15:29 PM] S
[4/18/2020 11:15:29 PM] Right
[4/18/2020 11:15:30 PM] Right
[4/18/2020 11:15:32 PM] Return
[4/18/2020 11:15:32 PM] Ctrl + V
[4/18/2020 11:15:33 PM] Ctrl + Z
[4/18/2020 11:15:34 PM] Ctrl + S
[4/18/2020 11:15:35 PM] Ctrl + Z
[4/18/2020 11:15:37 PM] Ctrl + Back
[4/18/2020 11:15:38 PM] Ctrl + Z
[4/18/2020 11:15:38 PM] Shift + Space
[4/18/2020 11:15:39 PM] Shift + [
[4/18/2020 11:15:39 PM] Ctrl + Return
[4/18/2020 11:15:39 PM] Ctrl + V
[4/18/2020 11:15:41 PM] Ctrl
[4/18/2020 11:15:41 PM] X
[4/18/2020 11:15:42 PM] Shift
[4/18/2020 11:15:42 PM] [
[4/18/2020 11:15:42 PM] Ctrl + Return
[4/18/2020 11:15:43 PM] Ctrl + V
[4/18/2020 11:15:43 PM] S
[4/18/2020 11:15:49 PM] Shift
[4/18/2020 11:15:49 PM] A
[4/18/2020 11:15:49 PM] L
[4/18/2020 11:15:49 PM] T
[4/18/2020 11:15:50 PM] Space
[4/18/2020 11:15:50 PM] Shift + =
[4/18/2020 11:15:51 PM] Ctrl + S
[4/18/2020 11:15:51 PM] Space
[4/18/2020 11:15:51 PM] Ctrl
[4/18/2020 11:15:52 PM] S
[4/18/2020 11:16:02 PM] Ctrl + Shift + Alt + S
[4/18/2020 11:16:03 PM] Ctrl + Shift
[4/18/2020 11:16:05 PM] Ctrl + Shift + Alt + S
[4/18/2020 11:16:05 PM] Ctrl + Shift
[4/18/2020 11:16:06 PM] Ctrl + Shift + Alt + S
[4/18/2020 11:16:07 PM] Ctrl + Shift
[4/18/2020 11:16:08 PM] Ctrl + Shift + Alt + S
[4/18/2020 11:16:08 PM] Ctrl + Shift
[4/18/2020 11:16:09 PM] Ctrl + Shift + Alt + S
[4/18/2020 11:16:09 PM] Ctrl + Shift
[4/18/2020 11:16:10 PM] Ctrl + Shift + Alt + S
[4/18/2020 11:16:10 PM] Shift + Ctrl
[4/18/2020 11:16:14 PM] Return
[4/18/2020 11:16:14 PM] S
[4/18/2020 11:16:14 PM] U
[4/18/2020 11:16:14 PM] P
[4/18/2020 11:16:14 PM] P
[4/18/2020 11:16:15 PM] Return
[4/18/2020 11:16:15 PM] Space
[4/18/2020 11:16:15 PM] Space
[4/18/2020 11:16:15 PM] Back
[4/18/2020 11:16:16 PM] -
[4/18/2020 11:16:16 PM] =
[4/18/2020 11:16:16 PM] Space
[4/18/2020 11:16:16 PM] Back
[4/18/2020 11:16:16 PM] Back
[4/18/2020 11:16:17 PM] Space
[4/18/2020 11:16:17 PM] T
[4/18/2020 11:16:17 PM] R
[4/18/2020 11:16:17 PM] U
[4/18/2020 11:16:17 PM] E
[4/18/2020 11:16:17 PM] ;
[4/18/2020 11:16:18 PM] Ctrl + S
[4/18/2020 11:16:25 PM] Ctrl + Shift + Alt + S
[4/18/2020 11:16:25 PM] Ctrl + Shift
[4/18/2020 11:16:26 PM] Ctrl + Shift + Alt + S
[4/18/2020 11:16:27 PM] Ctrl + Alt
[4/18/2020 11:16:27 PM] Alt + Ctrl
[4/18/2020 11:16:28 PM] Ctrl + Shift + Alt + S
[4/18/2020 11:16:28 PM] Ctrl + Alt
[4/18/2020 11:16:28 PM] Alt + Ctrl
[4/18/2020 11:16:29 PM] Ctrl + Shift + Alt + S
[4/18/2020 11:16:31 PM] Ctrl + Alt
[4/18/2020 11:16:33 PM] Ctrl + Alt
[4/18/2020 11:16:34 PM] Alt + Ctrl
[4/18/2020 11:16:35 PM] Ctrl + Alt
[4/18/2020 11:16:35 PM] Alt + Ctrl
[4/18/2020 11:16:36 PM] Ctrl + Alt
[4/18/2020 11:17:38 PM] Ctrl + Shift + Alt + S
[4/18/2020 11:17:39 PM] Ctrl + Shift
[4/18/2020 11:17:39 PM] Shift + Ctrl
[4/18/2020 11:17:40 PM] Ctrl + Shift + Alt + S
[4/18/2020 11:17:41 PM] Shift + Alt
[4/18/2020 11:17:41 PM] Alt + Shift
[4/18/2020 11:17:42 PM] Ctrl + Shift + Alt + S
[4/18/2020 11:17:42 PM] Ctrl + Shift
[4/18/2020 11:17:42 PM] Shift + Ctrl
[4/18/2020 11:18:29 PM] Alt + Space
[4/18/2020 11:18:31 PM] Escape
[4/18/2020 11:18:33 PM] Alt + Space
[4/18/2020 11:18:33 PM] Escape
[4/18/2020 11:18:38 PM] F
[4/18/2020 11:18:38 PM] F
[4/18/2020 11:18:38 PM] F
[4/18/2020 11:18:39 PM] F
[4/18/2020 11:18:40 PM] Escape
[4/19/2020 1:04:56 PM] S
[4/19/2020 1:04:57 PM] K
[4/19/2020 1:04:58 PM] Ctrl + Shift + Alt + S
[4/19/2020 1:04:59 PM] Ctrl + Shift
[4/19/2020 1:05:00 PM] Ctrl + Shift + Alt + S
[4/19/2020 1:05:00 PM] Shift + Ctrl
[4/19/2020 1:05:01 PM] S
[4/19/2020 1:05:01 PM] S
[4/19/2020 1:05:01 PM] S
[4/19/2020 1:05:01 PM] S
[4/19/2020 1:05:02 PM] S
[4/19/2020 1:05:02 PM] S
[4/19/2020 1:05:03 PM] K
[4/19/2020 1:05:03 PM] A
[4/19/2020 1:05:03 PM] U
[4/19/2020 1:05:03 PM] S
[4/19/2020 1:05:03 PM] Y
[4/19/2020 1:05:04 PM] U
[4/19/2020 1:05:04 PM] B
[4/19/2020 1:05:04 PM] H
[4/19/2020 1:05:12 PM] Ctrl + Shift + Alt + S
[4/19/2020 1:05:13 PM] Shift + Ctrl
[4/19/2020 1:05:14 PM] Ctrl + Shift + Alt + S
[4/19/2020 1:05:15 PM] Ctrl + Alt
[4/19/2020 1:05:16 PM] Ctrl + Shift + Alt + S
[4/19/2020 1:05:17 PM] Ctrl + Shift
[4/19/2020 1:05:17 PM] Shift + Ctrl
[4/19/2020 1:05:25 PM] S
[4/19/2020 1:05:26 PM] A
[4/19/2020 1:05:27 PM] S
[4/19/2020 1:05:28 PM] A
[4/19/2020 1:05:29 PM] S
[4/19/2020 1:05:29 PM] A
[4/19/2020 1:05:29 PM] S
[4/19/2020 1:05:29 PM] A
[4/19/2020 1:05:29 PM] S
[4/19/2020 1:05:30 PM] A
[4/19/2020 1:05:30 PM] S
[4/19/2020 1:05:33 PM] Ctrl + Z
[4/19/2020 1:05:34 PM] Ctrl + Z
[5/1/2020 10:50:34 AM] Ctrl + Shift + Alt + S
[5/1/2020 10:50:34 AM] Alt + Shift + Ctrl
[5/1/2020 10:50:38 AM] Ctrl + Alt + Shift
[5/1/2020 10:50:45 AM] Ctrl + Shift + Alt + S
[5/1/2020 10:50:49 AM] Ctrl + Shift + Alt + S
[5/1/2020 10:50:52 AM] S
[5/1/2020 10:50:53 AM] Back
[5/1/2020 10:51:49 AM] Ctrl + Shift
[5/1/2020 10:51:49 AM] Shift + Ctrl
[5/1/2020 10:51:51 AM] Shift + Ctrl
[5/1/2020 10:51:51 AM] Ctrl + Shift
[5/1/2020 10:51:54 AM] L
[5/1/2020 10:51:54 AM] S
[5/1/2020 10:51:54 AM] E
[5/1/2020 10:51:54 AM] Space
[5/1/2020 10:51:55 AM] S
[5/1/2020 10:51:55 AM] H
[5/1/2020 10:51:55 AM] O
[5/1/2020 10:51:55 AM] W
[5/1/2020 10:51:56 AM] Shift
[5/1/2020 10:51:56 AM] K
[5/1/2020 10:51:56 AM] E
[5/1/2020 10:51:56 AM] Return
[5/1/2020 10:51:56 AM] Space
[5/1/2020 10:51:57 AM] Shift
[5/1/2020 10:51:57 AM] Back
[5/1/2020 10:51:57 AM] Shift + 9
[5/1/2020 10:51:57 AM] Shift + '
[5/1/2020 10:51:58 AM] C
[5/1/2020 10:51:58 AM] T
[5/1/2020 10:51:58 AM] R
[5/1/2020 10:51:58 AM] L
[5/1/2020 10:51:59 AM] Space
[5/1/2020 10:51:59 AM] Shift
[5/1/2020 10:51:59 AM] =
[5/1/2020 10:51:59 AM] Space
[5/1/2020 10:52:00 AM] Shift + S
[5/1/2020 10:52:00 AM] H
[5/1/2020 10:52:00 AM] U
[5/1/2020 10:52:00 AM] F
[5/1/2020 10:52:00 AM] Back
[5/1/2020 10:52:01 AM] Back
[5/1/2020 10:52:01 AM] I
[5/1/2020 10:52:01 AM] F
[5/1/2020 10:52:01 AM] T
[5/1/2020 10:52:02 AM] Back
[5/1/2020 10:52:03 AM] Back
[5/1/2020 10:52:14 AM] Right
[5/1/2020 10:52:14 AM] Right
[5/1/2020 10:52:15 AM] Ctrl + Back
[5/1/2020 10:52:16 AM] Ctrl + Back
[5/1/2020 10:52:16 AM] Ctrl + Back
[5/1/2020 10:52:16 AM] Ctrl + Back
[5/1/2020 10:52:16 AM] Ctrl + Back
[5/1/2020 10:52:17 AM] Ctrl + Back
[5/1/2020 10:52:17 AM] Ctrl + Back
[5/1/2020 10:52:17 AM] Ctrl + Back
[5/1/2020 10:52:17 AM] Ctrl + Back
[5/1/2020 10:52:19 AM] Alt + Shift + S
[5/1/2020 10:52:54 AM] Ctrl + Shift + S
[5/1/2020 10:52:55 AM] Ctrl + Shift
[5/1/2020 10:52:55 AM] Shift + Ctrl
[5/1/2020 10:52:56 AM] Ctrl + Shift + S
[5/1/2020 10:52:57 AM] Shift + Ctrl
[5/1/2020 10:52:57 AM] Ctrl + Shift + S
[5/1/2020 10:52:58 AM] Shift + Ctrl
[5/1/2020 10:53:00 AM] Return
[5/1/2020 10:53:02 AM] Ctrl
[5/1/2020 10:53:02 AM] X
[5/1/2020 10:53:02 AM] Shift + [
[5/1/2020 10:53:02 AM] Return
[5/1/2020 10:53:03 AM] Ctrl + V
[5/1/2020 10:53:04 AM] Ctrl + Shift + S
[5/1/2020 10:53:04 AM] Shift + Ctrl
[5/1/2020 10:53:05 AM] Ctrl + Shift + S
[5/1/2020 10:53:05 AM] Shift + Ctrl
[5/1/2020 10:53:08 AM] Return
[5/1/2020 10:53:09 AM] S
[5/1/2020 10:53:09 AM] U
[5/1/2020 10:53:09 AM] P
[5/1/2020 10:53:09 AM] P
[5/1/2020 10:53:10 AM] Return
[5/1/2020 10:53:10 AM] Space
[5/1/2020 10:53:10 AM] =
[5/1/2020 10:53:11 AM] Space
[5/1/2020 10:53:11 AM] Y
[5/1/2020 10:53:12 AM] Back
[5/1/2020 10:53:12 AM] T
[5/1/2020 10:53:12 AM] R
[5/1/2020 10:53:12 AM] U
[5/1/2020 10:53:12 AM] E
[5/1/2020 10:53:12 AM] ;
[5/1/2020 10:53:17 AM] Ctrl + Shift + S
[5/1/2020 10:53:18 AM] Ctrl + Shift
[5/1/2020 10:53:20 AM] X
[5/1/2020 10:53:21 AM] Return
[5/1/2020 10:53:21 AM] Ctrl + V
[5/1/2020 10:53:22 AM] Ctrl + X
[5/1/2020 10:53:27 AM] Ctrl + Shift + S
[5/1/2020 10:53:30 AM] Ctrl + Shift + S
[5/1/2020 10:53:35 AM] Ctrl + Shift + Alt + S
[5/1/2020 10:55:53 AM] Ctrl + Shift + Alt + S
[5/1/2020 10:55:53 AM] Alt + Shift + Ctrl
[5/1/2020 10:55:59 AM] Ctrl + Shift + Alt
[5/1/2020 10:55:59 AM] Alt + Shift + Ctrl
[5/1/2020 10:56:07 AM] Ctrl + Shift + Alt
[5/1/2020 10:56:13 AM] Ctrl + Shift + Alt + S
[5/1/2020 10:56:53 AM] Ctrl + Alt + S
[5/1/2020 10:57:07 AM] Ctrl + Shift + Alt + A
[5/1/2020 10:57:11 AM] Ctrl + Shift + Alt + A
[5/1/2020 10:57:14 AM] Ctrl + Shift + Alt + A
[5/1/2020 10:57:19 AM] Ctrl + Shift + Alt + A
[5/1/2020 10:57:25 AM] Ctrl + Alt + A
[5/1/2020 11:12:53 AM] Ctrl + Shift + Alt + S
[5/1/2020 11:12:56 AM] Ctrl + Shift + Alt + S
[5/1/2020 11:13:00 AM] Ctrl + Shift + Alt + S
[5/1/2020 11:13:04 AM] Ctrl + Shift + Alt + S
[5/1/2020 11:13:08 AM] Ctrl + Shift + Alt + S
[5/1/2020 11:13:12 AM] Ctrl + Shift + Alt + Z
[5/1/2020 11:13:14 AM] Ctrl + Shift + Alt + C
[5/1/2020 11:13:16 AM] Ctrl + Shift + Alt + V
[5/1/2020 11:13:20 AM] Ctrl + Shift + Alt + P
